<?xml version="1.0" encoding="UTF-8"?>
<!-- Generated by org.testng.reporters.JUnitReportReporter -->
<testsuite skipped="0" hostname="PC-PC" name="parsers.Test_Parsers" tests="1" failures="0" timestamp="24 Aug 2019 08:42:06 GMT" time="3.847" errors="0">
  <testcase name="testCustomParser2" time="3.847" classname="parsers.Test_Parsers"/>
</testsuite> <!-- parsers.Test_Parsers -->
