<?xml version="1.0" encoding="UTF-8"?>
<!-- Generated by org.testng.reporters.JUnitReportReporter -->
<testsuite skipped="0" hostname="PC-PC" name="loggers.TestPrac_Logging" tests="1" failures="0" timestamp="19 Aug 2019 18:47:40 GMT" time="9.304" errors="0">
  <testcase name="testLoggingConditional" time="9.304" classname="loggers.TestPrac_Logging"/>
</testsuite> <!-- loggers.TestPrac_Logging -->
