<?xml version="1.0" encoding="UTF-8"?>
<!-- Generated by org.testng.reporters.JUnitReportReporter -->
<testsuite skipped="0" hostname="PC-PC" name="restAPIPractise.RestApiJavaObject" tests="1" failures="0" timestamp="12 Aug 2019 10:48:19 GMT" time="7.833" errors="0">
  <testcase name="postMethod" time="7.833" classname="restAPIPractise.RestApiJavaObject"/>
</testsuite> <!-- restAPIPractise.RestApiJavaObject -->
