<?xml version="1.0" encoding="UTF-8"?>
<!-- Generated by org.testng.reporters.JUnitReportReporter -->
<testsuite skipped="0" hostname="PC-PC" name="restAPIPractiseSet1.RestApiPostJavaObject" tests="1" failures="0" timestamp="24 Aug 2019 07:54:45 GMT" time="5.228" errors="0">
  <testcase name="postMethodDeserialization" time="5.228" classname="restAPIPractiseSet1.RestApiPostJavaObject"/>
</testsuite> <!-- restAPIPractiseSet1.RestApiPostJavaObject -->
