<?xml version="1.0" encoding="UTF-8"?>
<!-- Generated by org.testng.reporters.JUnitReportReporter -->
<testsuite skipped="0" hostname="PC-PC" name="restAPIPractise.RestApiPostJsonString" tests="1" failures="0" timestamp="12 Aug 2019 11:57:16 GMT" time="13.109" errors="0">
  <testcase name="postMethod" time="13.109" classname="restAPIPractise.RestApiPostJsonString"/>
</testsuite> <!-- restAPIPractise.RestApiPostJsonString -->
