<?xml version="1.0" encoding="UTF-8"?>
<!-- Generated by org.testng.reporters.JUnitReportReporter -->
<testsuite skipped="0" hostname="PC-PC" name="handlingSSL_TLS.Test_handlingSSL_TLS" tests="1" failures="0" timestamp="21 Aug 2019 19:47:41 GMT" time="7.501" errors="0">
  <testcase name="testSSL1" time="7.501" classname="handlingSSL_TLS.Test_handlingSSL_TLS"/>
</testsuite> <!-- handlingSSL_TLS.Test_handlingSSL_TLS -->
