<?xml version="1.0" encoding="UTF-8"?>
<!-- Generated by org.testng.reporters.JUnitReportReporter -->
<testsuite skipped="0" hostname="PC-PC" name="specBuilder.Test_ResponseSpecBuilder" tests="1" failures="0" timestamp="16 Aug 2019 19:03:32 GMT" time="5.331" errors="0">
  <testcase name="testReponse1" time="5.331" classname="specBuilder.Test_ResponseSpecBuilder"/>
</testsuite> <!-- specBuilder.Test_ResponseSpecBuilder -->
