<?xml version="1.0" encoding="UTF-8"?>
<!-- Generated by org.testng.reporters.JUnitReportReporter -->
<testsuite skipped="0" hostname="PC-PC" name="restAPIPractise.RestAPIDeleteDemo" tests="1" failures="0" timestamp="12 Aug 2019 16:39:12 GMT" time="4.293" errors="0">
  <testcase name="postMethod" time="4.293" classname="restAPIPractise.RestAPIDeleteDemo"/>
</testsuite> <!-- restAPIPractise.RestAPIDeleteDemo -->
