<?xml version="1.0" encoding="UTF-8"?>
<!-- Generated by org.testng.reporters.JUnitReportReporter -->
<testsuite skipped="0" hostname="PC-PC" name="specBuilder.Test_RequestSpecBuilder" tests="1" failures="0" timestamp="16 Aug 2019 19:20:54 GMT" time="6.207" errors="0">
  <testcase name="testReponse1" time="6.207" classname="specBuilder.Test_RequestSpecBuilder"/>
</testsuite> <!-- specBuilder.Test_RequestSpecBuilder -->
