<?xml version="1.0" encoding="UTF-8"?>
<!-- Generated by org.testng.reporters.JUnitReportReporter -->
<testsuite skipped="0" hostname="PC-PC" name="restAPIPractise.RestAPIDemo1" tests="1" failures="0" timestamp="11 Aug 2019 17:53:34 GMT" time="9.525" errors="0">
  <testcase name="getMethod" time="9.525" classname="restAPIPractise.RestAPIDemo1"/>
</testsuite> <!-- restAPIPractise.RestAPIDemo1 -->
