<?xml version="1.0" encoding="UTF-8"?>
<!-- Generated by org.testng.reporters.JUnitReportReporter -->
<testsuite skipped="0" hostname="PC-PC" name="restAPIPractise.RestApiPutDemo" tests="1" failures="0" timestamp="12 Aug 2019 17:10:41 GMT" time="13.202" errors="0">
  <testcase name="postMethod" time="13.202" classname="restAPIPractise.RestApiPutDemo"/>
</testsuite> <!-- restAPIPractise.RestApiPutDemo -->
