<?xml version="1.0" encoding="UTF-8"?>
<!-- Generated by org.testng.reporters.JUnitReportReporter -->
<testsuite skipped="0" hostname="PC-PC" name="restApiPractiseSet2.SetRequestData" tests="1" failures="0" timestamp="14 Aug 2019 17:16:42 GMT" time="5.492" errors="0">
  <testcase name="testPathParamter" time="5.492" classname="restApiPractiseSet2.SetRequestData"/>
</testsuite> <!-- restApiPractiseSet2.SetRequestData -->
