<?xml version="1.0" encoding="UTF-8"?>
<!-- Generated by org.testng.reporters.JUnitReportReporter -->
<testsuite skipped="0" hostname="PC-PC" name="restAPIPractise.RestApiDemo_Post_Java_Object_Recieve_Java_Object" tests="1" failures="0" timestamp="12 Aug 2019 11:24:42 GMT" time="11.822" errors="0">
  <testcase name="postMethod" time="11.822" classname="restAPIPractise.RestApiDemo_Post_Java_Object_Recieve_Java_Object"/>
</testsuite> <!-- restAPIPractise.RestApiDemo_Post_Java_Object_Recieve_Java_Object -->
