<?xml version="1.0" encoding="UTF-8"?>
<!-- Generated by org.testng.reporters.JUnitReportReporter -->
<testsuite skipped="0" hostname="PC-PC" name="restAPIPractise.RestAPIGetDemo" tests="1" failures="0" timestamp="14 Aug 2019 08:05:45 GMT" time="6.098" errors="0">
  <testcase name="testDetailedCookies" time="6.098" classname="restAPIPractise.RestAPIGetDemo"/>
</testsuite> <!-- restAPIPractise.RestAPIGetDemo -->
