<?xml version="1.0" encoding="UTF-8"?>
<!-- Generated by org.testng.reporters.JUnitReportReporter -->
<testsuite skipped="0" hostname="PC-PC" name="restApiResponseVerification.HeaderResponseVerification" tests="1" failures="0" timestamp="14 Aug 2019 18:45:22 GMT" time="23.280" errors="0">
  <testcase name="testBodyParametersInresponse" time="23.280" classname="restApiResponseVerification.HeaderResponseVerification"/>
</testsuite> <!-- restApiResponseVerification.HeaderResponseVerification -->
