<?xml version="1.0" encoding="UTF-8"?>
<!-- Generated by org.testng.reporters.JUnitReportReporter -->
<testsuite skipped="0" hostname="PC-PC" name="restAPIPractise.RestApiPostDemo" tests="1" failures="0" timestamp="11 Aug 2019 20:00:26 GMT" time="9.943" errors="0">
  <testcase name="postMethod" time="9.943" classname="restAPIPractise.RestApiPostDemo"/>
</testsuite> <!-- restAPIPractise.RestApiPostDemo -->
